<?xml version="1.0" encoding="UTF-8"?>
<testsuite name="com.jong.blog.TestControllerTest" tests="1" skipped="0" failures="0" errors="0" timestamp="2023-07-16T05:22:33" hostname="PC" time="0.47">
  <properties/>
  <testcase name="getAllMembers: 아티클 조회에 성공한다." classname="com.jong.blog.TestControllerTest" time="0.47"/>
  <system-out><![CDATA[14:22:31.194 [Test worker] INFO org.springframework.test.context.support.AnnotationConfigContextLoaderUtils -- Could not detect default configuration classes for test class [com.jong.blog.TestControllerTest]: TestControllerTest does not declare any static, non-private, non-final, nested classes annotated with @Configuration.
14:22:31.253 [Test worker] INFO org.springframework.boot.test.context.SpringBootTestContextBootstrapper -- Found @SpringBootConfiguration com.jong.blog.BlogApplication for test class com.jong.blog.TestControllerTest

  .   ____          _            __ _ _
 /\\ / ___'_ __ _ _(_)_ __  __ _ \ \ \ \
( ( )\___ | '_ | '_| | '_ \/ _` | \ \ \ \
 \\/  ___)| |_)| | | | | || (_| |  ) ) ) )
  '  |____| .__|_| |_|_| |_\__, | / / / /
 =========|_|==============|___/=/_/_/_/
 :: Spring Boot ::                (v3.1.1)

2023-07-16T14:22:31.528+09:00  INFO 5392 --- [    Test worker] com.jong.blog.TestControllerTest         : Starting TestControllerTest using Java 20.0.1 with PID 5392 (started by leeji in C:\blog)
2023-07-16T14:22:31.529+09:00  INFO 5392 --- [    Test worker] com.jong.blog.TestControllerTest         : No active profile set, falling back to 1 default profile: "default"
2023-07-16T14:22:31.882+09:00  INFO 5392 --- [    Test worker] .s.d.r.c.RepositoryConfigurationDelegate : Bootstrapping Spring Data JPA repositories in DEFAULT mode.
2023-07-16T14:22:31.929+09:00  INFO 5392 --- [    Test worker] .s.d.r.c.RepositoryConfigurationDelegate : Finished Spring Data repository scanning in 34 ms. Found 1 JPA repository interfaces.
2023-07-16T14:22:32.148+09:00  INFO 5392 --- [    Test worker] com.zaxxer.hikari.HikariDataSource       : HikariPool-1 - Starting...
2023-07-16T14:22:32.238+09:00  INFO 5392 --- [    Test worker] com.zaxxer.hikari.pool.HikariPool        : HikariPool-1 - Added connection conn0: url=jdbc:h2:mem:8af6366b-4c5e-4b3d-9b12-7b17be0bdb7e user=SA
2023-07-16T14:22:32.239+09:00  INFO 5392 --- [    Test worker] com.zaxxer.hikari.HikariDataSource       : HikariPool-1 - Start completed.
2023-07-16T14:22:32.264+09:00  INFO 5392 --- [    Test worker] o.hibernate.jpa.internal.util.LogHelper  : HHH000204: Processing PersistenceUnitInfo [name: default]
2023-07-16T14:22:32.296+09:00  INFO 5392 --- [    Test worker] org.hibernate.Version                    : HHH000412: Hibernate ORM core version 6.2.5.Final
2023-07-16T14:22:32.297+09:00  INFO 5392 --- [    Test worker] org.hibernate.cfg.Environment            : HHH000406: Using bytecode reflection optimizer
2023-07-16T14:22:32.390+09:00  INFO 5392 --- [    Test worker] o.h.b.i.BytecodeProviderInitiator        : HHH000021: Bytecode provider name : bytebuddy
2023-07-16T14:22:32.472+09:00  INFO 5392 --- [    Test worker] o.s.o.j.p.SpringPersistenceUnitInfo      : No LoadTimeWeaver setup: ignoring JPA class transformer
2023-07-16T14:22:32.593+09:00  INFO 5392 --- [    Test worker] o.h.b.i.BytecodeProviderInitiator        : HHH000021: Bytecode provider name : bytebuddy
2023-07-16T14:22:32.882+09:00  INFO 5392 --- [    Test worker] o.h.e.t.j.p.i.JtaPlatformInitiator       : HHH000490: Using JtaPlatform implementation: [org.hibernate.engine.transaction.jta.platform.internal.NoJtaPlatform]
Hibernate: 
    drop table if exists member cascade 
Hibernate: 
    create table member (
        id bigint generated by default as identity,
        name varchar(255) not null,
        primary key (id)
    )
2023-07-16T14:22:32.901+09:00  INFO 5392 --- [    Test worker] j.LocalContainerEntityManagerFactoryBean : Initialized JPA EntityManagerFactory for persistence unit 'default'
2023-07-16T14:22:33.330+09:00  WARN 5392 --- [    Test worker] JpaBaseConfiguration$JpaWebConfiguration : spring.jpa.open-in-view is enabled by default. Therefore, database queries may be performed during view rendering. Explicitly configure spring.jpa.open-in-view to disable this warning
2023-07-16T14:22:33.588+09:00  INFO 5392 --- [    Test worker] o.s.b.t.m.w.SpringBootMockServletContext : Initializing Spring TestDispatcherServlet ''
2023-07-16T14:22:33.588+09:00  INFO 5392 --- [    Test worker] o.s.t.web.servlet.TestDispatcherServlet  : Initializing Servlet ''
2023-07-16T14:22:33.590+09:00  INFO 5392 --- [    Test worker] o.s.t.web.servlet.TestDispatcherServlet  : Completed initialization in 1 ms
2023-07-16T14:22:33.613+09:00  INFO 5392 --- [    Test worker] com.jong.blog.TestControllerTest         : Started TestControllerTest in 2.234 seconds (process running for 2.969)
2023-07-16T14:22:33.936+09:00  INFO 5392 --- [    Test worker] o.s.b.t.m.w.SpringBootMockServletContext : Initializing Spring TestDispatcherServlet ''
2023-07-16T14:22:33.936+09:00  INFO 5392 --- [    Test worker] o.s.t.web.servlet.TestDispatcherServlet  : Initializing Servlet ''
2023-07-16T14:22:33.937+09:00  INFO 5392 --- [    Test worker] o.s.t.web.servlet.TestDispatcherServlet  : Completed initialization in 1 ms
Hibernate: 
    select
        m1_0.id,
        m1_0.name 
    from
        member m1_0 
    where
        m1_0.id=?
Hibernate: 
    update
        member 
    set
        name=? 
    where
        id=?
Hibernate: 
    select
        m1_0.id,
        m1_0.name 
    from
        member m1_0
Hibernate: 
    select
        m1_0.id,
        m1_0.name 
    from
        member m1_0
Hibernate: 
    delete 
    from
        member 
    where
        id=?
Hibernate: 
    delete 
    from
        member 
    where
        id=?
Hibernate: 
    delete 
    from
        member 
    where
        id=?
]]></system-out>
  <system-err><![CDATA[]]></system-err>
</testsuite>
